{"level":"info","msg":"| 401 | 1m36.036428432s |             ::1 | POST  /login |","time":"2021-07-16T10:57:47+08:00"}
{"level":"info","msg":"| 401 |    4.401287ms |             ::1 | POST  /login |","time":"2021-07-16T11:33:49+08:00"}
{"level":"info","msg":"| 200 |     332.424µs |             ::1 | POST  /register |","time":"2021-07-16T11:34:45+08:00"}
{"level":"info","msg":"| 200 |      85.895µs |             ::1 | POST  /register |","time":"2021-07-16T11:35:35+08:00"}
{"level":"info","msg":"| 200 | 28.192895751s |             ::1 | POST  /register |","time":"2021-07-16T11:37:19+08:00"}
{"level":"info","msg":"| 200 |     315.123µs |             ::1 | POST  /register |","time":"2021-07-16T11:38:07+08:00"}
{"level":"info","msg":"| 200 |     571.162µs |             ::1 | POST  /register |","time":"2021-07-16T11:38:09+08:00"}
{"level":"info","msg":"| 200 |     917.217µs |             ::1 | POST  /logout |","time":"2021-07-16T11:38:47+08:00"}
{"level":"info","msg":"| 200 | 1m4.510624356s |             ::1 | POST  /register |","time":"2021-07-16T11:39:56+08:00"}
{"level":"info","msg":"| 200 |     206.471µs |             ::1 | POST  /logout |","time":"2021-07-16T11:40:04+08:00"}
{"level":"info","msg":"| 200 | 15.532567137s |             ::1 | POST  /register |","time":"2021-07-16T11:46:38+08:00"}
{"level":"info","msg":"| 200 |     185.303µs |             ::1 | POST  /register |","time":"2021-07-16T11:47:22+08:00"}
{"level":"info","msg":"| 200 |     631.905µs |             ::1 | POST  /register |","time":"2021-07-16T11:47:27+08:00"}
{"level":"info","msg":"| 200 |     362.303µs |             ::1 | POST  /logout |","time":"2021-07-16T11:47:29+08:00"}
{"level":"info","msg":"| 200 |  6.330734007s |             ::1 | POST  /register |","time":"2021-07-16T11:47:39+08:00"}
{"level":"info","msg":"| 200 |     837.972µs |             ::1 | POST  /register |","time":"2021-07-16T13:17:28+08:00"}
{"level":"info","msg":"| 200 |     720.012µs |             ::1 | POST  /logout |","time":"2021-07-16T13:17:32+08:00"}
{"level":"info","msg":"| 200 |  2.989101568s |             ::1 | POST  /register |","time":"2021-07-16T13:17:38+08:00"}
{"level":"info","msg":"| 200 |     272.715µs |             ::1 | POST  /logout |","time":"2021-07-16T13:27:21+08:00"}
{"level":"info","msg":"| 200 |  130.671705ms |             ::1 | POST  /register |","time":"2021-07-16T13:27:23+08:00"}
{"level":"info","msg":"| 200 |     244.226µs |             ::1 | POST  /logout |","time":"2021-07-16T13:29:07+08:00"}
{"level":"info","msg":"| 200 |   123.32819ms |             ::1 | POST  /register |","time":"2021-07-16T13:29:10+08:00"}
{"level":"info","msg":"| 200 |     310.633µs |             ::1 | POST  /register |","time":"2021-07-16T13:32:44+08:00"}
{"level":"info","msg":"| 200 |     376.826µs |             ::1 | POST  /logout |","time":"2021-07-16T13:32:52+08:00"}
{"level":"info","msg":"| 200 |  118.869239ms |             ::1 | POST  /register |","time":"2021-07-16T13:32:56+08:00"}
{"level":"info","msg":"| 200 |     806.433µs |             ::1 | POST  /logout |","time":"2021-07-16T13:34:51+08:00"}
{"level":"info","msg":"| 200 |  121.432678ms |             ::1 | POST  /register |","time":"2021-07-16T13:34:54+08:00"}
{"level":"info","msg":"| 200 |     345.047µs |             ::1 | POST  /logout |","time":"2021-07-16T13:35:42+08:00"}
{"level":"info","msg":"| 200 |  139.696141ms |             ::1 | POST  /register |","time":"2021-07-16T13:35:44+08:00"}
{"level":"info","msg":"| 200 |  117.504216ms |             ::1 | POST  /register |","time":"2021-07-16T13:37:23+08:00"}
{"level":"info","msg":"| 200 |  130.790807ms |             ::1 | POST  /register |","time":"2021-07-16T13:37:28+08:00"}
{"level":"info","msg":"| 200 |  130.000285ms |             ::1 | POST  /register |","time":"2021-07-16T13:38:23+08:00"}
{"level":"info","msg":"| 200 |  123.321243ms |             ::1 | POST  /register |","time":"2021-07-16T13:40:34+08:00"}
{"level":"info","msg":"| 200 |  122.855773ms |             ::1 | POST  /register |","time":"2021-07-16T13:44:11+08:00"}
{"level":"info","msg":"| 200 |  129.877672ms |             ::1 | POST  /register |","time":"2021-07-16T13:46:06+08:00"}
{"level":"info","msg":"| 200 |  118.572506ms |             ::1 | POST  /register |","time":"2021-07-16T13:46:38+08:00"}
{"level":"info","msg":"| 200 |     107.227µs |             ::1 | POST  /register |","time":"2021-07-16T13:47:20+08:00"}
{"level":"info","msg":"| 200 |      67.716µs |             ::1 | POST  /register |","time":"2021-07-16T13:48:12+08:00"}
{"level":"info","msg":"| 200 |     293.199µs |             ::1 | POST  /register |","time":"2021-07-16T13:48:56+08:00"}
{"level":"info","msg":"| 200 |  126.981888ms |             ::1 | POST  /register |","time":"2021-07-16T13:50:01+08:00"}
{"level":"info","msg":"| 200 |  116.791401ms |             ::1 | POST  /register |","time":"2021-07-16T13:50:40+08:00"}
{"level":"info","msg":"| 200 |  275.512451ms |             ::1 | POST  /register |","time":"2021-07-16T13:52:01+08:00"}
{"level":"info","msg":"| 200 |  114.033938ms |             ::1 | POST  /register |","time":"2021-07-16T13:52:47+08:00"}
{"level":"info","msg":"| 200 |  126.654087ms |             ::1 | POST  /register |","time":"2021-07-16T13:58:03+08:00"}
{"level":"info","msg":"| 200 | 1m52.263091037s |             ::1 | POST  /register |","time":"2021-07-16T14:00:36+08:00"}
{"level":"info","msg":"| 200 |  126.796153ms |             ::1 | POST  /register |","time":"2021-07-16T14:00:41+08:00"}
{"level":"info","msg":"| 200 |  137.871823ms |             ::1 | POST  /register |","time":"2021-07-16T14:12:48+08:00"}
{"level":"info","msg":"| 200 |    9.672696ms |             ::1 | POST  /register |","time":"2021-07-16T14:13:21+08:00"}
{"level":"info","msg":"| 200 |     550.198µs |             ::1 | POST  /register |","time":"2021-07-16T14:13:33+08:00"}
{"level":"info","msg":"| 200 |    5.140685ms |             ::1 | POST  /register |","time":"2021-07-16T14:14:15+08:00"}
{"level":"info","msg":"| 200 |    2.666208ms |             ::1 | POST  /register |","time":"2021-07-16T14:14:24+08:00"}
{"level":"info","msg":"| 200 |    1.436699ms |             ::1 | POST  /register |","time":"2021-07-16T14:14:28+08:00"}
{"level":"info","msg":"| 200 |    1.114083ms |             ::1 | POST  /register |","time":"2021-07-16T14:14:28+08:00"}
{"level":"info","msg":"| 200 |     715.222µs |             ::1 | POST  /register |","time":"2021-07-16T14:14:29+08:00"}
{"level":"info","msg":"| 200 |  146.666379ms |             ::1 | POST  /register |","time":"2021-07-16T14:15:03+08:00"}
{"level":"info","msg":"| 200 |   117.24386ms |             ::1 | POST  /register |","time":"2021-07-16T14:51:00+08:00"}
{"level":"info","msg":"| 200 |  127.125849ms |             ::1 | POST  /register |","time":"2021-07-16T14:52:16+08:00"}
{"level":"info","msg":"| 200 |     1.11173ms |             ::1 | POST  /register |","time":"2021-07-16T14:56:12+08:00"}
{"level":"info","msg":"| 200 |  136.294478ms |             ::1 | POST  /register |","time":"2021-07-16T14:56:21+08:00"}
{"level":"info","msg":"| 200 |    7.329637ms |             ::1 | POST  /register |","time":"2021-07-16T15:05:12+08:00"}
{"level":"info","msg":"| 200 |    4.134498ms |             ::1 | POST  /register |","time":"2021-07-16T15:08:38+08:00"}
{"level":"info","msg":"| 200 |    1.523837ms |             ::1 | POST  /register |","time":"2021-07-16T15:10:25+08:00"}
{"level":"info","msg":"| 200 |    1.440185ms |             ::1 | POST  /register |","time":"2021-07-16T15:11:08+08:00"}
{"level":"info","msg":"| 200 |     365.047µs |             ::1 | POST  /register |","time":"2021-07-16T15:11:19+08:00"}
{"level":"info","msg":"| 200 |    13.33275ms |             ::1 | POST  /register |","time":"2021-07-16T15:16:48+08:00"}
{"level":"info","msg":"| 200 |  121.748876ms |             ::1 | POST  /register |","time":"2021-07-16T15:30:24+08:00"}
{"level":"info","msg":"| 200 |     666.146µs |             ::1 | POST  /register |","time":"2021-07-16T15:30:36+08:00"}
{"level":"info","msg":"| 200 |       650.3µs |             ::1 | POST  /register |","time":"2021-07-16T15:31:55+08:00"}
{"level":"info","msg":"| 200 |    4.773831ms |             ::1 | POST  /register |","time":"2021-07-16T15:31:56+08:00"}
{"level":"info","msg":"| 200 |     662.697µs |             ::1 | POST  /register |","time":"2021-07-16T15:32:20+08:00"}
{"level":"info","msg":"| 200 |     213.128µs |             ::1 | POST  /register |","time":"2021-07-16T15:32:22+08:00"}
{"level":"info","msg":"| 200 |    1.183343ms |             ::1 | GET  /swagger/index.html |","time":"2021-07-16T15:48:14+08:00"}
{"level":"info","msg":"| 200 |     332.591µs |             ::1 | GET  /swagger/swagger-ui.css |","time":"2021-07-16T15:48:15+08:00"}
{"level":"info","msg":"| 200 |     970.666µs |             ::1 | GET  /swagger/swagger-ui-standalone-preset.js |","time":"2021-07-16T15:48:15+08:00"}
{"level":"info","msg":"| 200 |  165.765365ms |             ::1 | GET  /swagger/swagger-ui-bundle.js |","time":"2021-07-16T15:48:15+08:00"}
{"level":"info","msg":"| 200 |   11.246815ms |             ::1 | GET  /swagger/favicon-32x32.png |","time":"2021-07-16T15:48:16+08:00"}
