{"level":"info","msg":"| 404 |       590.9µs |             ::1 | GET  /login |","time":"2021-07-18T11:00:32+08:00"}
{"level":"info","msg":"| 200 |       658.8µs |             ::1 | POST  /login |","time":"2021-07-18T11:00:38+08:00"}
{"level":"info","msg":"| 404 |            0s |             ::1 | GET  /register |","time":"2021-07-18T11:01:58+08:00"}
{"level":"info","msg":"| 200 |      1.0494ms |             ::1 | POST  /register |","time":"2021-07-18T11:02:05+08:00"}
{"level":"info","msg":"| 200 |       575.5µs |             ::1 | POST  /register |","time":"2021-07-18T11:02:12+08:00"}
{"level":"info","msg":"| 200 |       948.2µs |             ::1 | POST  /register |","time":"2021-07-18T11:02:13+08:00"}
{"level":"info","msg":"| 200 |       957.9µs |             ::1 | POST  /logout |","time":"2021-07-18T11:02:54+08:00"}
{"level":"info","msg":"| 200 |      4.1117ms |             ::1 | POST  /login |","time":"2021-07-18T11:11:28+08:00"}
{"level":"info","msg":"| 200 |       331.6µs |             ::1 | POST  /register |","time":"2021-07-18T11:11:57+08:00"}
{"level":"info","msg":"| 200 |     84.4763ms |             ::1 | POST  /register |","time":"2021-07-18T11:12:16+08:00"}
{"level":"info","msg":"| 200 |       231.2µs |             ::1 | POST  /register |","time":"2021-07-18T11:12:22+08:00"}
{"level":"info","msg":"| 200 |       717.9µs |             ::1 | POST  /logout |","time":"2021-07-18T11:12:28+08:00"}
{"level":"info","msg":"| 200 |     83.1106ms |             ::1 | POST  /register |","time":"2021-07-18T11:12:32+08:00"}
{"level":"info","msg":"| 200 |       785.5µs |             ::1 | POST  /register |","time":"2021-07-18T11:13:58+08:00"}
{"level":"info","msg":"| 200 |       263.1µs |             ::1 | POST  /logout |","time":"2021-07-18T11:14:32+08:00"}
{"level":"info","msg":"| 200 |      1.2555ms |             ::1 | POST  /register |","time":"2021-07-18T11:14:35+08:00"}
{"level":"info","msg":"| 200 |   18.0320847s |             ::1 | POST  /register |","time":"2021-07-18T11:18:43+08:00"}
{"level":"info","msg":"| 200 |      1.0617ms |             ::1 | POST  /register |","time":"2021-07-18T11:19:22+08:00"}
{"level":"info","msg":"| 200 |       416.5µs |             ::1 | POST  /logout |","time":"2021-07-18T11:19:27+08:00"}
{"level":"info","msg":"| 200 |         819µs |             ::1 | POST  /register |","time":"2021-07-18T11:19:30+08:00"}
{"level":"info","msg":"| 200 |     99.2799ms |             ::1 | POST  /register |","time":"2021-07-18T11:48:54+08:00"}
{"level":"info","msg":"| 200 |       737.5µs |             ::1 | POST  /register |","time":"2021-07-18T11:51:19+08:00"}
{"level":"info","msg":"| 200 |       653.8µs |             ::1 | POST  /logout |","time":"2021-07-18T11:51:24+08:00"}
{"level":"info","msg":"| 200 |     88.4013ms |             ::1 | POST  /register |","time":"2021-07-18T11:51:32+08:00"}
{"level":"info","msg":"| 404 |            0s |             ::1 | POST  /init/reset-password |","time":"2021-07-18T11:53:13+08:00"}
{"level":"info","msg":"| 404 |            0s |             ::1 | POST  /init/reset-password |","time":"2021-07-18T11:53:19+08:00"}
{"level":"info","msg":"| 404 |            0s |             ::1 | POST  /user/reset-password |","time":"2021-07-18T11:55:07+08:00"}
{"level":"info","msg":"| 404 |            0s |             ::1 | POST  /user/reset-password |","time":"2021-07-18T11:55:27+08:00"}
