{"level":"info","msg":"| 404 |      11.277µs |             ::1 | POST  /public/reset-password |","time":"2021-07-19T14:16:27+08:00"}
{"level":"info","msg":"| 200 |      96.564µs |             ::1 | POST  /public/user/reset-password |","time":"2021-07-19T14:16:47+08:00"}
{"level":"info","msg":"| 200 |    1.976446ms |             ::1 | POST  /public/user/login |","time":"2021-07-19T14:16:59+08:00"}
{"level":"info","msg":"| 200 |      659.18µs |             ::1 | POST  /public/user/register |","time":"2021-07-19T14:17:09+08:00"}
{"level":"info","msg":"| 200 |    4.204863ms |             ::1 | GET  /swagger/index.html |","time":"2021-07-19T14:23:00+08:00"}
{"level":"info","msg":"| 200 |      661.57µs |             ::1 | GET  /swagger/swagger-ui.css |","time":"2021-07-19T14:23:00+08:00"}
{"level":"info","msg":"| 200 |     947.972µs |             ::1 | GET  /swagger/swagger-ui-standalone-preset.js |","time":"2021-07-19T14:23:00+08:00"}
{"level":"info","msg":"| 200 |  164.468445ms |             ::1 | GET  /swagger/swagger-ui-bundle.js |","time":"2021-07-19T14:23:01+08:00"}
{"level":"info","msg":"| 200 |   46.065307ms |             ::1 | GET  /swagger/favicon-32x32.png |","time":"2021-07-19T14:23:02+08:00"}
{"level":"info","msg":"| 200 |      98.502µs |             ::1 | GET  /swagger/index.html |","time":"2021-07-19T14:23:31+08:00"}
{"level":"info","msg":"| 304 |     166.261µs |             ::1 | GET  /swagger/swagger-ui.css |","time":"2021-07-19T14:23:31+08:00"}
{"level":"info","msg":"| 304 |      76.199µs |             ::1 | GET  /swagger/swagger-ui-standalone-preset.js |","time":"2021-07-19T14:23:31+08:00"}
{"level":"info","msg":"| 304 |      67.756µs |             ::1 | GET  /swagger/swagger-ui-bundle.js |","time":"2021-07-19T14:23:31+08:00"}
{"level":"info","msg":"| 200 |     295.414µs |             ::1 | GET  /swagger/index.html |","time":"2021-07-19T14:25:02+08:00"}
{"level":"info","msg":"| 200 |     191.679µs |             ::1 | GET  /swagger/swagger-ui.css |","time":"2021-07-19T14:25:02+08:00"}
{"level":"info","msg":"| 200 |     368.977µs |             ::1 | GET  /swagger/swagger-ui-standalone-preset.js |","time":"2021-07-19T14:25:02+08:00"}
{"level":"info","msg":"| 200 |  123.744575ms |             ::1 | GET  /swagger/swagger-ui-bundle.js |","time":"2021-07-19T14:25:02+08:00"}
{"level":"info","msg":"| 200 |     103.823µs |             ::1 | GET  /swagger/index.html |","time":"2021-07-19T14:25:06+08:00"}
{"level":"info","msg":"| 304 |      67.232µs |             ::1 | GET  /swagger/swagger-ui.css |","time":"2021-07-19T14:25:07+08:00"}
{"level":"info","msg":"| 304 |      62.124µs |             ::1 | GET  /swagger/swagger-ui-bundle.js |","time":"2021-07-19T14:25:07+08:00"}
{"level":"info","msg":"| 304 |      80.454µs |             ::1 | GET  /swagger/swagger-ui-standalone-preset.js |","time":"2021-07-19T14:25:07+08:00"}
{"level":"info","msg":"| 200 |     841.615µs |             ::1 | GET  /swagger/index.html |","time":"2021-07-19T14:33:50+08:00"}
{"level":"info","msg":"| 200 |     544.634µs |             ::1 | GET  /swagger/swagger-ui.css |","time":"2021-07-19T14:33:50+08:00"}
{"level":"info","msg":"| 200 |     427.346µs |             ::1 | GET  /swagger/swagger-ui-standalone-preset.js |","time":"2021-07-19T14:33:50+08:00"}
{"level":"info","msg":"| 200 |   75.986464ms |             ::1 | GET  /swagger/swagger-ui-bundle.js |","time":"2021-07-19T14:33:50+08:00"}
{"level":"info","msg":"| 200 |   10.840564ms |             ::1 | GET  /swagger/favicon-32x32.png |","time":"2021-07-19T14:33:51+08:00"}
{"level":"info","msg":"| 200 |     158.449µs |             ::1 | GET  /swagger/index.html |","time":"2021-07-19T14:35:10+08:00"}
{"level":"info","msg":"| 304 |      73.279µs |             ::1 | GET  /swagger/swagger-ui.css |","time":"2021-07-19T14:35:10+08:00"}
{"level":"info","msg":"| 304 |      81.439µs |             ::1 | GET  /swagger/swagger-ui-bundle.js |","time":"2021-07-19T14:35:10+08:00"}
{"level":"info","msg":"| 304 |      45.109µs |             ::1 | GET  /swagger/swagger-ui-standalone-preset.js |","time":"2021-07-19T14:35:10+08:00"}
{"level":"info","msg":"| 200 |       90.45µs |             ::1 | GET  /swagger/favicon-32x32.png |","time":"2021-07-19T14:35:11+08:00"}
{"level":"info","msg":"| 200 |    2.711381ms |             ::1 | GET  /swagger/index.html |","time":"2021-07-19T14:36:01+08:00"}
{"level":"info","msg":"| 200 |      881.17µs |             ::1 | GET  /swagger/swagger-ui.css |","time":"2021-07-19T14:36:01+08:00"}
{"level":"info","msg":"| 200 |     537.501µs |             ::1 | GET  /swagger/swagger-ui-standalone-preset.js |","time":"2021-07-19T14:36:02+08:00"}
{"level":"info","msg":"| 200 |   39.978275ms |             ::1 | GET  /swagger/swagger-ui-bundle.js |","time":"2021-07-19T14:36:02+08:00"}
{"level":"info","msg":"| 200 |   34.131687ms |             ::1 | GET  /swagger/favicon-32x32.png |","time":"2021-07-19T14:36:03+08:00"}
{"level":"info","msg":"| 200 |     784.988µs |             ::1 | GET  /swagger/index.html |","time":"2021-07-19T14:39:49+08:00"}
{"level":"info","msg":"| 200 |     235.424µs |             ::1 | GET  /swagger/swagger-ui.css |","time":"2021-07-19T14:39:49+08:00"}
{"level":"info","msg":"| 200 |     432.814µs |             ::1 | GET  /swagger/swagger-ui-standalone-preset.js |","time":"2021-07-19T14:39:49+08:00"}
{"level":"info","msg":"| 200 |   64.609786ms |             ::1 | GET  /swagger/swagger-ui-bundle.js |","time":"2021-07-19T14:39:49+08:00"}
{"level":"info","msg":"| 200 |    2.088476ms |             ::1 | GET  /swagger/doc.json |","time":"2021-07-19T14:39:50+08:00"}
{"level":"info","msg":"| 200 |     5.86926ms |             ::1 | GET  /swagger/favicon-32x32.png |","time":"2021-07-19T14:39:50+08:00"}
{"level":"info","msg":"| 200 |     158.832µs |             ::1 | GET  /swagger/doc.json |","time":"2021-07-19T14:40:02+08:00"}
{"level":"info","msg":"| 404 |       9.021µs |             ::1 | GET  /favicon.ico |","time":"2021-07-19T14:40:03+08:00"}
{"level":"info","msg":"| 200 |     703.013µs |             ::1 | GET  /swagger/index.html |","time":"2021-07-19T14:41:56+08:00"}
{"level":"info","msg":"| 200 |     275.636µs |             ::1 | GET  /swagger/swagger-ui.css |","time":"2021-07-19T14:41:56+08:00"}
{"level":"info","msg":"| 200 |     453.412µs |             ::1 | GET  /swagger/swagger-ui-standalone-preset.js |","time":"2021-07-19T14:41:56+08:00"}
{"level":"info","msg":"| 200 |  120.924767ms |             ::1 | GET  /swagger/swagger-ui-bundle.js |","time":"2021-07-19T14:41:57+08:00"}
{"level":"info","msg":"| 200 |     448.574µs |             ::1 | GET  /swagger/doc.json |","time":"2021-07-19T14:41:57+08:00"}
{"level":"info","msg":"| 200 |   11.179124ms |             ::1 | GET  /swagger/favicon-32x32.png |","time":"2021-07-19T14:41:58+08:00"}
{"level":"info","msg":"| 200 |      123.95µs |             ::1 | GET  /swagger/index.html |","time":"2021-07-19T14:42:00+08:00"}
{"level":"info","msg":"| 304 |      52.064µs |             ::1 | GET  /swagger/swagger-ui.css |","time":"2021-07-19T14:42:00+08:00"}
{"level":"info","msg":"| 304 |      49.428µs |             ::1 | GET  /swagger/swagger-ui-standalone-preset.js |","time":"2021-07-19T14:42:00+08:00"}
{"level":"info","msg":"| 304 |     134.219µs |             ::1 | GET  /swagger/swagger-ui-bundle.js |","time":"2021-07-19T14:42:00+08:00"}
{"level":"info","msg":"| 200 |     329.873µs |             ::1 | GET  /swagger/doc.json |","time":"2021-07-19T14:42:00+08:00"}
{"level":"info","msg":"| 200 |     139.958µs |             ::1 | GET  /swagger/favicon-32x32.png |","time":"2021-07-19T14:42:00+08:00"}
{"level":"info","msg":"| 200 |     108.037µs |             ::1 | GET  /swagger/index.html |","time":"2021-07-19T14:42:01+08:00"}
{"level":"info","msg":"| 304 |      69.215µs |             ::1 | GET  /swagger/swagger-ui.css |","time":"2021-07-19T14:42:01+08:00"}
{"level":"info","msg":"| 304 |      73.011µs |             ::1 | GET  /swagger/swagger-ui-bundle.js |","time":"2021-07-19T14:42:01+08:00"}
{"level":"info","msg":"| 304 |      63.373µs |             ::1 | GET  /swagger/swagger-ui-standalone-preset.js |","time":"2021-07-19T14:42:01+08:00"}
{"level":"info","msg":"| 200 |     105.893µs |             ::1 | GET  /swagger/doc.json |","time":"2021-07-19T14:42:01+08:00"}
{"level":"info","msg":"| 200 |     258.578µs |             ::1 | GET  /swagger/favicon-32x32.png |","time":"2021-07-19T14:42:01+08:00"}
{"level":"info","msg":"| 200 |    3.010636ms |             ::1 | GET  /swagger/index.html |","time":"2021-07-19T14:44:29+08:00"}
{"level":"info","msg":"| 200 |     549.164µs |             ::1 | GET  /swagger/swagger-ui.css |","time":"2021-07-19T14:44:29+08:00"}
{"level":"info","msg":"| 200 |    3.645336ms |             ::1 | GET  /swagger/swagger-ui-standalone-preset.js |","time":"2021-07-19T14:44:29+08:00"}
{"level":"info","msg":"| 200 |   99.395101ms |             ::1 | GET  /swagger/swagger-ui-bundle.js |","time":"2021-07-19T14:44:29+08:00"}
{"level":"info","msg":"| 200 |      1.8603ms |             ::1 | GET  /swagger/doc.json |","time":"2021-07-19T14:44:30+08:00"}
{"level":"info","msg":"| 200 |   39.397194ms |             ::1 | GET  /swagger/favicon-32x32.png |","time":"2021-07-19T14:44:30+08:00"}
{"level":"info","msg":"| 200 |     546.924µs |             ::1 | GET  /swagger/index.html |","time":"2021-07-19T14:47:37+08:00"}
{"level":"info","msg":"| 200 |     174.664µs |             ::1 | GET  /swagger/swagger-ui.css |","time":"2021-07-19T14:47:37+08:00"}
{"level":"info","msg":"| 200 |     457.146µs |             ::1 | GET  /swagger/swagger-ui-standalone-preset.js |","time":"2021-07-19T14:47:37+08:00"}
{"level":"info","msg":"| 200 |   60.610294ms |             ::1 | GET  /swagger/swagger-ui-bundle.js |","time":"2021-07-19T14:47:37+08:00"}
{"level":"info","msg":"| 200 |     250.445µs |             ::1 | GET  /swagger/doc.json |","time":"2021-07-19T14:47:38+08:00"}
{"level":"info","msg":"| 200 |    17.23591ms |             ::1 | GET  /swagger/favicon-32x32.png |","time":"2021-07-19T14:47:38+08:00"}
{"level":"info","msg":"| 200 |    3.356448ms |             ::1 | GET  /swagger/index.html |","time":"2021-07-19T14:49:49+08:00"}
{"level":"info","msg":"| 200 |     543.646µs |             ::1 | GET  /swagger/swagger-ui.css |","time":"2021-07-19T14:49:49+08:00"}
{"level":"info","msg":"| 200 |     424.059µs |             ::1 | GET  /swagger/swagger-ui-standalone-preset.js |","time":"2021-07-19T14:49:49+08:00"}
{"level":"info","msg":"| 200 |  114.173649ms |             ::1 | GET  /swagger/swagger-ui-bundle.js |","time":"2021-07-19T14:49:50+08:00"}
{"level":"info","msg":"| 200 |     3.27616ms |             ::1 | GET  /swagger/doc.json |","time":"2021-07-19T14:49:50+08:00"}
{"level":"info","msg":"| 200 |   16.589088ms |             ::1 | GET  /swagger/favicon-32x32.png |","time":"2021-07-19T14:49:50+08:00"}
{"level":"info","msg":"| 200 |      181.55µs |             ::1 | GET  /swagger/index.html |","time":"2021-07-19T14:55:09+08:00"}
{"level":"info","msg":"| 304 |      54.987µs |             ::1 | GET  /swagger/swagger-ui.css |","time":"2021-07-19T14:55:09+08:00"}
{"level":"info","msg":"| 304 |     178.092µs |             ::1 | GET  /swagger/swagger-ui-bundle.js |","time":"2021-07-19T14:55:09+08:00"}
{"level":"info","msg":"| 304 |      135.79µs |             ::1 | GET  /swagger/swagger-ui-standalone-preset.js |","time":"2021-07-19T14:55:09+08:00"}
{"level":"info","msg":"| 200 |     869.548µs |             ::1 | GET  /swagger/doc.json |","time":"2021-07-19T14:55:10+08:00"}
{"level":"info","msg":"| 200 |      83.756µs |             ::1 | GET  /swagger/favicon-32x32.png |","time":"2021-07-19T14:55:10+08:00"}
{"level":"info","msg":"| 200 |     941.351µs |             ::1 | GET  /swagger/index.html |","time":"2021-07-19T14:55:37+08:00"}
{"level":"info","msg":"| 200 |     427.619µs |             ::1 | GET  /swagger/doc.json |","time":"2021-07-19T14:55:38+08:00"}
{"level":"info","msg":"| 200 |   43.785393ms |             ::1 | GET  /swagger/favicon-32x32.png |","time":"2021-07-19T14:55:38+08:00"}
{"level":"info","msg":"| 200 |     919.442µs |             ::1 | GET  /swagger/index.html |","time":"2021-07-19T15:10:22+08:00"}
{"level":"info","msg":"| 200 |     202.654µs |             ::1 | GET  /swagger/swagger-ui.css |","time":"2021-07-19T15:10:22+08:00"}
{"level":"info","msg":"| 200 |     457.891µs |             ::1 | GET  /swagger/swagger-ui-standalone-preset.js |","time":"2021-07-19T15:10:22+08:00"}
{"level":"info","msg":"| 200 |  106.129113ms |             ::1 | GET  /swagger/swagger-ui-bundle.js |","time":"2021-07-19T15:10:22+08:00"}
{"level":"info","msg":"| 200 |     519.157µs |             ::1 | GET  /swagger/doc.json |","time":"2021-07-19T15:10:23+08:00"}
{"level":"info","msg":"| 200 |   11.589641ms |             ::1 | GET  /swagger/favicon-32x32.png |","time":"2021-07-19T15:10:23+08:00"}
{"level":"info","msg":"| 200 |     245.379µs |             ::1 | GET  /swagger/index.html |","time":"2021-07-19T15:17:24+08:00"}
{"level":"info","msg":"| 304 |     129.045µs |             ::1 | GET  /swagger/swagger-ui-bundle.js |","time":"2021-07-19T15:17:24+08:00"}
{"level":"info","msg":"| 304 |      71.284µs |             ::1 | GET  /swagger/swagger-ui.css |","time":"2021-07-19T15:17:24+08:00"}
{"level":"info","msg":"| 304 |      63.223µs |             ::1 | GET  /swagger/swagger-ui-standalone-preset.js |","time":"2021-07-19T15:17:24+08:00"}
{"level":"info","msg":"| 200 |     267.458µs |             ::1 | GET  /swagger/doc.json |","time":"2021-07-19T15:17:25+08:00"}
{"level":"info","msg":"| 200 |     121.911µs |             ::1 | GET  /swagger/favicon-32x32.png |","time":"2021-07-19T15:17:25+08:00"}
{"level":"info","msg":"| 200 |     672.608µs |             ::1 | GET  /swagger/index.html |","time":"2021-07-19T15:18:22+08:00"}
{"level":"info","msg":"| 200 |     238.621µs |             ::1 | GET  /swagger/swagger-ui.css |","time":"2021-07-19T15:18:22+08:00"}
{"level":"info","msg":"| 200 |     522.893µs |             ::1 | GET  /swagger/swagger-ui-standalone-preset.js |","time":"2021-07-19T15:18:22+08:00"}
{"level":"info","msg":"| 200 |   71.630669ms |             ::1 | GET  /swagger/swagger-ui-bundle.js |","time":"2021-07-19T15:18:22+08:00"}
{"level":"info","msg":"| 200 |     441.351µs |             ::1 | GET  /swagger/doc.json |","time":"2021-07-19T15:18:23+08:00"}
{"level":"info","msg":"| 200 |     6.83973ms |             ::1 | GET  /swagger/favicon-32x32.png |","time":"2021-07-19T15:18:23+08:00"}
{"level":"info","msg":"| 200 |    2.440774ms |             ::1 | GET  /swagger/index.html |","time":"2021-07-19T15:20:17+08:00"}
{"level":"info","msg":"| 200 |     345.317µs |             ::1 | GET  /swagger/swagger-ui.css |","time":"2021-07-19T15:20:18+08:00"}
{"level":"info","msg":"| 200 |     668.439µs |             ::1 | GET  /swagger/swagger-ui-standalone-preset.js |","time":"2021-07-19T15:20:18+08:00"}
{"level":"info","msg":"| 200 |   87.785002ms |             ::1 | GET  /swagger/swagger-ui-bundle.js |","time":"2021-07-19T15:20:18+08:00"}
{"level":"info","msg":"| 200 |    1.032687ms |             ::1 | GET  /swagger/doc.json |","time":"2021-07-19T15:20:18+08:00"}
{"level":"info","msg":"| 200 |    9.103545ms |             ::1 | GET  /swagger/favicon-32x32.png |","time":"2021-07-19T15:20:18+08:00"}
{"level":"info","msg":"| 200 |    2.336553ms |             ::1 | GET  /swagger/index.html |","time":"2021-07-19T15:22:42+08:00"}
{"level":"info","msg":"| 200 |     529.686µs |             ::1 | GET  /swagger/swagger-ui.css |","time":"2021-07-19T15:22:42+08:00"}
{"level":"info","msg":"| 200 |    1.071598ms |             ::1 | GET  /swagger/swagger-ui-standalone-preset.js |","time":"2021-07-19T15:22:42+08:00"}
{"level":"info","msg":"| 200 |  129.438915ms |             ::1 | GET  /swagger/swagger-ui-bundle.js |","time":"2021-07-19T15:22:43+08:00"}
{"level":"info","msg":"| 200 |    1.781362ms |             ::1 | GET  /swagger/doc.json |","time":"2021-07-19T15:22:43+08:00"}
{"level":"info","msg":"| 200 |   12.162967ms |             ::1 | GET  /swagger/favicon-32x32.png |","time":"2021-07-19T15:22:43+08:00"}
{"level":"info","msg":"| 200 |   35.550731ms |             ::1 | GET  /swagger/index.html |","time":"2021-07-19T15:27:02+08:00"}
{"level":"info","msg":"| 200 |     509.397µs |             ::1 | GET  /swagger/swagger-ui.css |","time":"2021-07-19T15:27:02+08:00"}
{"level":"info","msg":"| 200 |     611.001µs |             ::1 | GET  /swagger/swagger-ui-standalone-preset.js |","time":"2021-07-19T15:27:02+08:00"}
{"level":"info","msg":"| 200 |   194.76577ms |             ::1 | GET  /swagger/swagger-ui-bundle.js |","time":"2021-07-19T15:27:02+08:00"}
{"level":"info","msg":"| 200 |     1.28324ms |             ::1 | GET  /swagger/doc.json |","time":"2021-07-19T15:27:03+08:00"}
{"level":"info","msg":"| 200 |    12.18552ms |             ::1 | GET  /swagger/favicon-32x32.png |","time":"2021-07-19T15:27:04+08:00"}
{"level":"info","msg":"| 200 |    2.818564ms |             ::1 | GET  /swagger/index.html |","time":"2021-07-19T15:28:08+08:00"}
{"level":"info","msg":"| 200 |     522.167µs |             ::1 | GET  /swagger/swagger-ui.css |","time":"2021-07-19T15:28:08+08:00"}
{"level":"info","msg":"| 200 |     882.778µs |             ::1 | GET  /swagger/swagger-ui-standalone-preset.js |","time":"2021-07-19T15:28:08+08:00"}
{"level":"info","msg":"| 200 |  124.384076ms |             ::1 | GET  /swagger/swagger-ui-bundle.js |","time":"2021-07-19T15:28:09+08:00"}
{"level":"info","msg":"| 200 |     1.29024ms |             ::1 | GET  /swagger/doc.json |","time":"2021-07-19T15:28:09+08:00"}
{"level":"info","msg":"| 200 |   21.614052ms |             ::1 | GET  /swagger/favicon-32x32.png |","time":"2021-07-19T15:28:10+08:00"}
{"level":"info","msg":"| 200 |     254.652µs |             ::1 | GET  /swagger/index.html |","time":"2021-07-19T15:34:15+08:00"}
{"level":"info","msg":"| 304 |      75.801µs |             ::1 | GET  /swagger/swagger-ui.css |","time":"2021-07-19T15:34:16+08:00"}
{"level":"info","msg":"| 304 |      63.633µs |             ::1 | GET  /swagger/swagger-ui-standalone-preset.js |","time":"2021-07-19T15:34:16+08:00"}
{"level":"info","msg":"| 304 |      90.117µs |             ::1 | GET  /swagger/swagger-ui-bundle.js |","time":"2021-07-19T15:34:16+08:00"}
{"level":"info","msg":"| 200 |     316.078µs |             ::1 | GET  /swagger/doc.json |","time":"2021-07-19T15:34:16+08:00"}
{"level":"info","msg":"| 200 |      78.843µs |             ::1 | GET  /swagger/favicon-32x32.png |","time":"2021-07-19T15:34:16+08:00"}
{"level":"info","msg":"| 200 |     833.871µs |             ::1 | GET  /swagger/index.html |","time":"2021-07-19T15:34:57+08:00"}
{"level":"info","msg":"| 200 |     220.685µs |             ::1 | GET  /swagger/swagger-ui.css |","time":"2021-07-19T15:34:57+08:00"}
{"level":"info","msg":"| 200 |    1.248481ms |             ::1 | GET  /swagger/swagger-ui-standalone-preset.js |","time":"2021-07-19T15:34:57+08:00"}
{"level":"info","msg":"| 200 |  619.970703ms |             ::1 | GET  /swagger/swagger-ui-bundle.js |","time":"2021-07-19T15:34:57+08:00"}
{"level":"info","msg":"| 200 |     979.941µs |             ::1 | GET  /swagger/doc.json |","time":"2021-07-19T15:34:58+08:00"}
{"level":"info","msg":"| 200 |    8.234582ms |             ::1 | GET  /swagger/favicon-32x32.png |","time":"2021-07-19T15:34:58+08:00"}
{"level":"info","msg":"| 200 |     435.308µs |             ::1 | GET  /api/goods |","time":"2021-07-19T17:54:52+08:00"}
{"level":"info","msg":"| 200 |   18.634418ms |             ::1 | POST  /public/user/login |","time":"2021-07-19T17:55:05+08:00"}
{"level":"info","msg":"| 200 |   116.64025ms |             ::1 | POST  /public/user/login |","time":"2021-07-19T17:55:27+08:00"}
{"level":"info","msg":"| 200 |     156.102µs |             ::1 | GET  /api/goods |","time":"2021-07-19T17:56:53+08:00"}
{"level":"info","msg":"| 200 |     994.334µs |             ::1 | GET  /api/goods |","time":"2021-07-19T17:57:03+08:00"}
{"level":"info","msg":"| 200 |    1.953449ms |             ::1 | GET  /api/goods |","time":"2021-07-19T18:02:44+08:00"}
{"level":"info","msg":"| 200 |    1.402967ms |             ::1 | GET  /api/goods |","time":"2021-07-19T18:11:34+08:00"}
{"level":"info","msg":"| 200 |      47.728µs |             ::1 | POST  /api/goods |","time":"2021-07-19T18:12:05+08:00"}
{"level":"info","msg":"| 200 |     105.474µs |             ::1 | POST  /api/goods |","time":"2021-07-19T18:13:23+08:00"}
{"level":"info","msg":"| 200 |      61.129µs |             ::1 | POST  /api/goods |","time":"2021-07-19T18:13:25+08:00"}
{"level":"info","msg":"| 200 |    33.60488ms |             ::1 | POST  /api/goods |","time":"2021-07-19T18:14:36+08:00"}
{"level":"info","msg":"| 200 | 13.023843559s |             ::1 | POST  /api/goods |","time":"2021-07-19T18:15:19+08:00"}
{"level":"info","msg":"| 200 | 13.974570546s |             ::1 | POST  /api/goods |","time":"2021-07-19T18:17:00+08:00"}
{"level":"info","msg":"| 200 |      762.45µs |             ::1 | POST  /api/goods |","time":"2021-07-19T18:19:24+08:00"}
{"level":"info","msg":"| 200 |     188.911µs |             ::1 | POST  /api/goods |","time":"2021-07-19T18:21:13+08:00"}
{"level":"info","msg":"| 200 |  9.398577875s |             ::1 | POST  /api/goods |","time":"2021-07-19T18:21:49+08:00"}
{"level":"info","msg":"| 200 |    1.657008ms |             ::1 | POST  /api/goods |","time":"2021-07-19T18:22:27+08:00"}
{"level":"info","msg":"| 200 |    4.105519ms |             ::1 | POST  /api/goods |","time":"2021-07-19T18:23:57+08:00"}
{"level":"info","msg":"| 200 |     741.937µs |             ::1 | POST  /api/goods |","time":"2021-07-19T18:24:23+08:00"}
{"level":"info","msg":"| 200 |    3.252234ms |             ::1 | POST  /api/goods |","time":"2021-07-19T18:24:41+08:00"}
{"level":"info","msg":"| 200 |      25.492µs |             ::1 | GET  /api/goods/1 |","time":"2021-07-19T18:24:49+08:00"}
{"level":"info","msg":"| 200 |     733.388µs |             ::1 | GET  /api/goods/1 |","time":"2021-07-19T18:25:09+08:00"}
{"level":"info","msg":"| 200 |     595.873µs |             ::1 | GET  /api/goods/2 |","time":"2021-07-19T18:25:21+08:00"}
{"level":"info","msg":"| 200 |     730.068µs |             ::1 | GET  /api/goods/2 |","time":"2021-07-19T18:25:27+08:00"}
{"level":"info","msg":"| 200 |     778.631µs |             ::1 | GET  /api/goods/2 |","time":"2021-07-19T18:25:34+08:00"}
{"level":"info","msg":"| 404 |       6.529µs |             ::1 | POST  /api/goods/2 |","time":"2021-07-19T18:25:51+08:00"}
{"level":"info","msg":"| 404 |       5.906µs |             ::1 | POST  /api/goods/2 |","time":"2021-07-19T18:25:55+08:00"}
{"level":"info","msg":"| 200 |     738.982µs |             ::1 | GET  /api/goods/2 |","time":"2021-07-19T18:26:02+08:00"}
{"level":"info","msg":"| 200 | 25.296081604s |             ::1 | GET  /api/goods/2 |","time":"2021-07-19T18:27:13+08:00"}
{"level":"info","msg":"| 200 |     566.338µs |             ::1 | GET  /api/goods/2 |","time":"2021-07-19T18:31:57+08:00"}
{"level":"info","msg":"| 200 |    3.432963ms |             ::1 | GET  /api/goods/2 |","time":"2021-07-19T18:32:16+08:00"}
{"level":"info","msg":"| 200 |     794.564µs |             ::1 | GET  /api/goods/3 |","time":"2021-07-19T18:32:28+08:00"}
{"level":"info","msg":"| 200 |     842.354µs |             ::1 | GET  /api/goods/2 |","time":"2021-07-19T18:32:44+08:00"}
